#
# There is insufficient memory for the Java Runtime Environment to continue.
# Native memory allocation (malloc) failed to allocate 4088 bytes for AllocateHeap
# Possible reasons:
#   The system is out of physical RAM or swap space
#   The process is running with CompressedOops enabled, and the Java Heap may be blocking the growth of the native heap
# Possible solutions:
#   Reduce memory load on the system
#   Increase physical memory or swap space
#   Check if swap backing store is full
#   Decrease Java heap size (-Xmx/-Xms)
#   Decrease number of Java threads
#   Decrease Java thread stack sizes (-Xss)
#   Set larger code cache with -XX:ReservedCodeCacheSize=
#   JVM is running with Unscaled Compressed Oops mode in which the Java heap is
#     placed in the first 4GB address space. The Java Heap base address is the
#     maximum limit for the native heap growth. Please use -XX:HeapBaseMinAddress
#     to set the Java Heap base and to place the Java Heap above 4GB virtual address.
# This output file may be truncated or incomplete.
#
#  Out of Memory Error (memory/allocation.inline.hpp:61), pid=9916, tid=0x0000000000002178
#
# JRE version: Java(TM) SE Runtime Environment (8.0_251-b08) (build 1.8.0_251-b08)
# Java VM: Java HotSpot(TM) 64-Bit Server VM (25.251-b08 mixed mode windows-amd64 compressed oops)
# Failed to write core dump. Minidumps are not enabled by default on client versions of Windows
#

---------------  T H R E A D  ---------------

Current thread (0x0000000002291800):  GCTaskThread [stack: 0x0000000012690000,0x0000000012790000] [id=8568]

Stack: [0x0000000012690000,0x0000000012790000]
[error occurred during error reporting (printing stack bounds), id 0xc0000005]

Native frames: (J=compiled Java code, j=interpreted, Vv=VM code, C=native code)


---------------  P R O C E S S  ---------------

Java Threads: ( => current thread )
  0x0000000056604000 JavaThread "Thread-5" [_thread_in_native, id=2404, stack(0x000000005d030000,0x000000005d130000)]
  0x000000005981f000 JavaThread "Thread-4" [_thread_blocked, id=5696, stack(0x000000005cea0000,0x000000005cfa0000)]
  0x000000005981e800 JavaThread "Thread-3" [_thread_blocked, id=10020, stack(0x00000000571a0000,0x00000000572a0000)]
  0x0000000057b07000 JavaThread "ThreadedStreamConsumer" daemon [_thread_blocked, id=5208, stack(0x000000005cc80000,0x000000005cd80000)]
  0x00000000595a5000 JavaThread "ping-timer-10s" daemon [_thread_blocked, id=4744, stack(0x000000005c950000,0x000000005ca50000)]
  0x00000000595a4800 JavaThread "timeout-check-timer" daemon [_thread_blocked, id=9920, stack(0x000000005c210000,0x000000005c310000)]
  0x0000000057f0d000 JavaThread "resolver-5" daemon [_thread_blocked, id=10096, stack(0x000000005bf40000,0x000000005c040000)]
  0x0000000057832800 JavaThread "resolver-4" daemon [_thread_blocked, id=6684, stack(0x000000005c6f0000,0x000000005c7f0000)]
  0x00000000582f0800 JavaThread "resolver-3" daemon [_thread_blocked, id=9220, stack(0x000000005c590000,0x000000005c690000)]
  0x000000005aad2000 JavaThread "resolver-2" daemon [_thread_blocked, id=9796, stack(0x000000005c440000,0x000000005c540000)]
  0x0000000057dc6800 JavaThread "resolver-1" daemon [_thread_blocked, id=8700, stack(0x000000005bde0000,0x000000005bee0000)]
  0x0000000056686000 JavaThread "Service Thread" daemon [_thread_blocked, id=8540, stack(0x00000000572f0000,0x00000000573f0000)]
  0x0000000056601000 JavaThread "C1 CompilerThread2" daemon [_thread_blocked, id=5808, stack(0x0000000056df0000,0x0000000056ef0000)]
  0x000000005538a000 JavaThread "C2 CompilerThread1" daemon [_thread_blocked, id=9356, stack(0x0000000057080000,0x0000000057180000)]
  0x00000000565eb000 JavaThread "C2 CompilerThread0" daemon [_thread_blocked, id=6468, stack(0x0000000056f00000,0x0000000057000000)]
  0x00000000565e8800 JavaThread "Attach Listener" daemon [_thread_blocked, id=8212, stack(0x0000000056c90000,0x0000000056d90000)]
  0x0000000055385800 JavaThread "Signal Dispatcher" daemon [_thread_blocked, id=6764, stack(0x0000000056ad0000,0x0000000056bd0000)]
  0x000000005536f000 JavaThread "Finalizer" daemon [_thread_blocked, id=8168, stack(0x00000000564e0000,0x00000000565e0000)]
  0x0000000055368000 JavaThread "Reference Handler" daemon [_thread_blocked, id=8216, stack(0x0000000056270000,0x0000000056370000)]
  0x0000000002278000 JavaThread "main" [_thread_in_native, id=10140, stack(0x0000000002610000,0x0000000002710000)]

Other Threads:
  0x0000000055320800 VMThread [stack: 0x00000000560d0000,0x00000000561d0000] [id=7216]
  0x00000000566ac000 WatcherThread [stack: 0x00000000574e0000,0x00000000575e0000] [id=9576]

=>0x0000000002291800 (exited) GCTaskThread [stack: 0x0000000012690000,0x0000000012790000] [id=8568]

VM state:at safepoint (normal execution)

VM Mutex/Monitor currently owned by a thread:  ([mutex/lock_event])
[0x000000000223e030] Threads_lock - owner thread: 0x0000000055320800
[0x000000000223e530] Heap_lock - owner thread: 0x0000000057b07000

heap address: 0x00000000c0000000, size: 1024 MB, Compressed Oops mode: 32-bit
Narrow klass base: 0x0000000000000000, Narrow klass shift: 0
Compressed class space size: 1073741824 Address: 0x0000000014990000

Heap:
 PSYoungGen      total 185856K, used 53291K [0x00000000eab00000, 0x00000000f7f80000, 0x0000000100000000)
  eden space 165376K, 19% used [0x00000000eab00000,0x00000000ecb10b00,0x00000000f4c80000)
  from space 20480K, 99% used [0x00000000f6580000,0x00000000f797a2b8,0x00000000f7980000)
  to   space 25600K, 2% used [0x00000000f4c80000,0x00000000f4d21b30,0x00000000f6580000)
 ParOldGen       total 49152K, used 49148K [0x00000000c0000000, 0x00000000c3000000, 0x00000000eab00000)
  object space 49152K, 99% used [0x00000000c0000000,0x00000000c2fff2c8,0x00000000c3000000)
 Metaspace       used 27466K, capacity 28354K, committed 28544K, reserved 1075200K
  class space    used 3129K, capacity 3435K, committed 3456K, reserved 1048576K

Card table byte_map: [0x0000000011da0000,0x0000000011fb0000] byte_map_base: 0x00000000117a0000

Marking Bits: (ParMarkBitMap*) 0x000000005e0caf90
 Begin Bits: [0x0000000012790000, 0x0000000013790000)
 End Bits:   [0x0000000013790000, 0x0000000014790000)

Polling page: 0x0000000000140000

CodeCache: size=245760Kb used=16252Kb max_used=16865Kb free=229507Kb
 bounds [0x00000000029e0000, 0x0000000003a70000, 0x00000000119e0000]
 total_blobs=5201 nmethods=4746 adapters=368
 compilation: enabled

Compilation events (10 events):
Event: 120.340 Thread 0x0000000056601000 nmethod 5559 0x0000000002d00e10 code [0x0000000002d00f60, 0x0000000002d01110]
Event: 120.342 Thread 0x0000000056601000 5558       1       org.apache.maven.surefire.shade.org.apache.maven.shared.utils.cli.AbstractStreamHandler::isDisabled (5 bytes)
Event: 120.342 Thread 0x0000000056601000 nmethod 5558 0x0000000002af2010 code [0x0000000002af2160, 0x0000000002af2270]
Event: 130.340 Thread 0x0000000056601000 5560       3       java.util.concurrent.locks.AbstractQueuedSynchronizer$ConditionObject::awaitNanos (156 bytes)
Event: 130.345 Thread 0x0000000056601000 nmethod 5560 0x0000000002f24e10 code [0x0000000002f25120, 0x0000000002f26818]
Event: 134.644 Thread 0x0000000056601000 5561       3       sun.nio.cs.SingleByte$Decoder::decodeLoop (28 bytes)
Event: 134.645 Thread 0x0000000056601000 nmethod 5561 0x0000000003681b10 code [0x0000000003681ca0, 0x00000000036821d8]
Event: 139.028 Thread 0x000000005538a000 5562 %     4       sun.nio.cs.SingleByte$Decoder::decodeArrayLoop @ 88 (154 bytes)
Event: 139.043 Thread 0x000000005538a000 nmethod 5562% 0x0000000003660250 code [0x00000000036603c0, 0x0000000003660bf8]
Event: 143.371 Thread 0x00000000565eb000 5563       4       org.codehaus.plexus.classworlds.realm.Entry::matches (282 bytes)

GC Heap History (10 events):
Event: 21.286 GC heap after
Heap after GC invocations=7 (full 0):
 PSYoungGen      total 73728K, used 9200K [0x00000000eab00000, 0x00000000f4100000, 0x0000000100000000)
  eden space 64512K, 0% used [0x00000000eab00000,0x00000000eab00000,0x00000000eea00000)
  from space 9216K, 99% used [0x00000000eea00000,0x00000000ef2fc010,0x00000000ef300000)
  to   space 12288K, 0% used [0x00000000f3500000,0x00000000f3500000,0x00000000f4100000)
 ParOldGen       total 44032K, used 14949K [0x00000000c0000000, 0x00000000c2b00000, 0x00000000eab00000)
  object space 44032K, 33% used [0x00000000c0000000,0x00000000c0e99538,0x00000000c2b00000)
 Metaspace       used 16216K, capacity 16480K, committed 16640K, reserved 1064960K
  class space    used 1890K, capacity 1991K, committed 2048K, reserved 1048576K
}
Event: 26.556 GC heap before
{Heap before GC invocations=8 (full 0):
 PSYoungGen      total 73728K, used 68545K [0x00000000eab00000, 0x00000000f4100000, 0x0000000100000000)
  eden space 64512K, 91% used [0x00000000eab00000,0x00000000ee4f45d8,0x00000000eea00000)
  from space 9216K, 99% used [0x00000000eea00000,0x00000000ef2fc010,0x00000000ef300000)
  to   space 12288K, 0% used [0x00000000f3500000,0x00000000f3500000,0x00000000f4100000)
 ParOldGen       total 44032K, used 14949K [0x00000000c0000000, 0x00000000c2b00000, 0x00000000eab00000)
  object space 44032K, 33% used [0x00000000c0000000,0x00000000c0e99538,0x00000000c2b00000)
 Metaspace       used 20632K, capacity 21154K, committed 21296K, reserved 1069056K
  class space    used 2448K, capacity 2634K, committed 2688K, reserved 1048576K
Event: 26.574 GC heap after
Heap after GC invocations=8 (full 0):
 PSYoungGen      total 138752K, used 12280K [0x00000000eab00000, 0x00000000f4600000, 0x0000000100000000)
  eden space 126464K, 0% used [0x00000000eab00000,0x00000000eab00000,0x00000000f2680000)
  from space 12288K, 99% used [0x00000000f3500000,0x00000000f40fe148,0x00000000f4100000)
  to   space 14848K, 0% used [0x00000000f2680000,0x00000000f2680000,0x00000000f3500000)
 ParOldGen       total 44032K, used 16753K [0x00000000c0000000, 0x00000000c2b00000, 0x00000000eab00000)
  object space 44032K, 38% used [0x00000000c0000000,0x00000000c105c430,0x00000000c2b00000)
 Metaspace       used 20632K, capacity 21154K, committed 21296K, reserved 1069056K
  class space    used 2448K, capacity 2634K, committed 2688K, reserved 1048576K
}
Event: 26.574 GC heap before
{Heap before GC invocations=9 (full 1):
 PSYoungGen      total 138752K, used 12280K [0x00000000eab00000, 0x00000000f4600000, 0x0000000100000000)
  eden space 126464K, 0% used [0x00000000eab00000,0x00000000eab00000,0x00000000f2680000)
  from space 12288K, 99% used [0x00000000f3500000,0x00000000f40fe148,0x00000000f4100000)
  to   space 14848K, 0% used [0x00000000f2680000,0x00000000f2680000,0x00000000f3500000)
 ParOldGen       total 44032K, used 16753K [0x00000000c0000000, 0x00000000c2b00000, 0x00000000eab00000)
  object space 44032K, 38% used [0x00000000c0000000,0x00000000c105c430,0x00000000c2b00000)
 Metaspace       used 20632K, capacity 21154K, committed 21296K, reserved 1069056K
  class space    used 2448K, capacity 2634K, committed 2688K, reserved 1048576K
Event: 26.733 GC heap after
Heap after GC invocations=9 (full 1):
 PSYoungGen      total 138752K, used 0K [0x00000000eab00000, 0x00000000f4600000, 0x0000000100000000)
  eden space 126464K, 0% used [0x00000000eab00000,0x00000000eab00000,0x00000000f2680000)
  from space 12288K, 0% used [0x00000000f3500000,0x00000000f3500000,0x00000000f4100000)
  to   space 14848K, 0% used [0x00000000f2680000,0x00000000f2680000,0x00000000f3500000)
 ParOldGen       total 48640K, used 20553K [0x00000000c0000000, 0x00000000c2f80000, 0x00000000eab00000)
  object space 48640K, 42% used [0x00000000c0000000,0x00000000c14124c0,0x00000000c2f80000)
 Metaspace       used 20632K, capacity 21154K, committed 21296K, reserved 1069056K
  class space    used 2448K, capacity 2634K, committed 2688K, reserved 1048576K
}
Event: 47.620 GC heap before
{Heap before GC invocations=10 (full 1):
 PSYoungGen      total 138752K, used 126464K [0x00000000eab00000, 0x00000000f4600000, 0x0000000100000000)
  eden space 126464K, 100% used [0x00000000eab00000,0x00000000f2680000,0x00000000f2680000)
  from space 12288K, 0% used [0x00000000f3500000,0x00000000f3500000,0x00000000f4100000)
  to   space 14848K, 0% used [0x00000000f2680000,0x00000000f2680000,0x00000000f3500000)
 ParOldGen       total 48640K, used 20553K [0x00000000c0000000, 0x00000000c2f80000, 0x00000000eab00000)
  object space 48640K, 42% used [0x00000000c0000000,0x00000000c14124c0,0x00000000c2f80000)
 Metaspace       used 24330K, capacity 24972K, committed 25088K, reserved 1071104K
  class space    used 2808K, capacity 3037K, committed 3072K, reserved 1048576K
Event: 47.659 GC heap after
Heap after GC invocations=10 (full 1):
 PSYoungGen      total 141312K, used 14833K [0x00000000eab00000, 0x00000000f7980000, 0x0000000100000000)
  eden space 126464K, 0% used [0x00000000eab00000,0x00000000eab00000,0x00000000f2680000)
  from space 14848K, 99% used [0x00000000f2680000,0x00000000f34fc508,0x00000000f3500000)
  to   space 20480K, 0% used [0x00000000f6580000,0x00000000f6580000,0x00000000f7980000)
 ParOldGen       total 48640K, used 27836K [0x00000000c0000000, 0x00000000c2f80000, 0x00000000eab00000)
  object space 48640K, 57% used [0x00000000c0000000,0x00000000c1b2f378,0x00000000c2f80000)
 Metaspace       used 24330K, capacity 24972K, committed 25088K, reserved 1071104K
  class space    used 2808K, capacity 3037K, committed 3072K, reserved 1048576K
}
Event: 79.315 GC heap before
{Heap before GC invocations=11 (full 1):
 PSYoungGen      total 141312K, used 141297K [0x00000000eab00000, 0x00000000f7980000, 0x0000000100000000)
  eden space 126464K, 100% used [0x00000000eab00000,0x00000000f2680000,0x00000000f2680000)
  from space 14848K, 99% used [0x00000000f2680000,0x00000000f34fc508,0x00000000f3500000)
  to   space 20480K, 0% used [0x00000000f6580000,0x00000000f6580000,0x00000000f7980000)
 ParOldGen       total 48640K, used 27836K [0x00000000c0000000, 0x00000000c2f80000, 0x00000000eab00000)
  object space 48640K, 57% used [0x00000000c0000000,0x00000000c1b2f378,0x00000000c2f80000)
 Metaspace       used 26444K, capacity 27362K, committed 27776K, reserved 1073152K
  class space    used 3026K, capacity 3339K, committed 3456K, reserved 1048576K
Event: 79.365 GC heap after
Heap after GC invocations=11 (full 1):
 PSYoungGen      total 185856K, used 20456K [0x00000000eab00000, 0x00000000f7f80000, 0x0000000100000000)
  eden space 165376K, 0% used [0x00000000eab00000,0x00000000eab00000,0x00000000f4c80000)
  from space 20480K, 99% used [0x00000000f6580000,0x00000000f797a2b8,0x00000000f7980000)
  to   space 25600K, 0% used [0x00000000f4c80000,0x00000000f4c80000,0x00000000f6580000)
 ParOldGen       total 48640K, used 33126K [0x00000000c0000000, 0x00000000c2f80000, 0x00000000eab00000)
  object space 48640K, 68% used [0x00000000c0000000,0x00000000c2059ac8,0x00000000c2f80000)
 Metaspace       used 26444K, capacity 27362K, committed 27776K, reserved 1073152K
  class space    used 3026K, capacity 3339K, committed 3456K, reserved 1048576K
}
Event: 143.377 GC heap before
{Heap before GC invocations=12 (full 1):
 PSYoungGen      total 185856K, used 53291K [0x00000000eab00000, 0x00000000f7f80000, 0x0000000100000000)
  eden space 165376K, 19% used [0x00000000eab00000,0x00000000ecb10b00,0x00000000f4c80000)
  from space 20480K, 99% used [0x00000000f6580000,0x00000000f797a2b8,0x00000000f7980000)
  to   space 25600K, 0% used [0x00000000f4c80000,0x00000000f4c80000,0x00000000f6580000)
 ParOldGen       total 48640K, used 33126K [0x00000000c0000000, 0x00000000c2f80000, 0x00000000eab00000)
  object space 48640K, 68% used [0x00000000c0000000,0x00000000c2059ac8,0x00000000c2f80000)
 Metaspace       used 27466K, capacity 28354K, committed 28544K, reserved 1075200K
  class space    used 3129K, capacity 3435K, committed 3456K, reserved 1048576K

Deoptimization events (10 events):
Event: 83.435 Thread 0x0000000002278000 Uncommon trap: reason=class_check action=maybe_recompile pc=0x000000000309b47c method=java.util.Collections$UnmodifiableMap$UnmodifiableEntrySet$1.hasNext()Z @ 4
Event: 83.435 Thread 0x0000000002278000 Uncommon trap: reason=class_check action=maybe_recompile pc=0x00000000030bf3c0 method=java.util.Collections$UnmodifiableMap$UnmodifiableEntrySet$1.next()Ljava/util/Map$Entry; @ 8
Event: 83.435 Thread 0x0000000002278000 Uncommon trap: reason=class_check action=maybe_recompile pc=0x00000000030afff0 method=java.util.Collections$UnmodifiableMap$UnmodifiableEntrySet$UnmodifiableEntry.getKey()Ljava/lang/Object; @ 4
Event: 83.435 Thread 0x0000000002278000 Uncommon trap: reason=class_check action=maybe_recompile pc=0x00000000031020f0 method=java.util.Collections$UnmodifiableMap$UnmodifiableEntrySet$UnmodifiableEntry.getValue()Ljava/lang/Object; @ 4
Event: 83.435 Thread 0x0000000002278000 Uncommon trap: reason=class_check action=maybe_recompile pc=0x000000000309b47c method=java.util.Collections$UnmodifiableMap$UnmodifiableEntrySet$1.hasNext()Z @ 4
Event: 83.435 Thread 0x0000000002278000 Uncommon trap: reason=class_check action=maybe_recompile pc=0x00000000030bf3c0 method=java.util.Collections$UnmodifiableMap$UnmodifiableEntrySet$1.next()Ljava/util/Map$Entry; @ 8
Event: 83.435 Thread 0x0000000002278000 Uncommon trap: reason=class_check action=maybe_recompile pc=0x00000000030afff0 method=java.util.Collections$UnmodifiableMap$UnmodifiableEntrySet$UnmodifiableEntry.getKey()Ljava/lang/Object; @ 4
Event: 83.435 Thread 0x0000000002278000 Uncommon trap: reason=class_check action=maybe_recompile pc=0x00000000031020f0 method=java.util.Collections$UnmodifiableMap$UnmodifiableEntrySet$UnmodifiableEntry.getValue()Ljava/lang/Object; @ 4
Event: 101.286 Thread 0x000000005981f000 Uncommon trap: reason=unstable_if action=reinterpret pc=0x00000000034ada14 method=java.io.BufferedReader.readLine(Z)Ljava/lang/String; @ 265
Event: 101.612 Thread 0x0000000057b07000 Uncommon trap: reason=unstable_if action=reinterpret pc=0x00000000035d1798 method=java.util.StringTokenizer.nextToken()Ljava/lang/String; @ 5

Classes redefined (0 events):
No events

Internal exceptions (10 events):
Event: 65.593 Thread 0x0000000002278000 Exception <a 'java/security/PrivilegedActionException'> (0x00000000eeb72638) thrown at [C:\jenkins\workspace\8-2-build-windows-amd64-cygwin\jdk8u251\737\hotspot\src\share\vm\prims\jvm.cpp, line 1502]
Event: 65.593 Thread 0x0000000002278000 Exception <a 'java/security/PrivilegedActionException'> (0x00000000eeb72a30) thrown at [C:\jenkins\workspace\8-2-build-windows-amd64-cygwin\jdk8u251\737\hotspot\src\share\vm\prims\jvm.cpp, line 1502]
Event: 70.588 Thread 0x0000000002278000 Exception <a 'java/io/FileNotFoundException'> (0x00000000eef3a098) thrown at [C:\jenkins\workspace\8-2-build-windows-amd64-cygwin\jdk8u251\737\hotspot\src\share\vm\prims\jni.cpp, line 710]
Event: 70.588 Thread 0x0000000002278000 Exception <a 'java/io/FileNotFoundException'> (0x00000000eef3ba88) thrown at [C:\jenkins\workspace\8-2-build-windows-amd64-cygwin\jdk8u251\737\hotspot\src\share\vm\prims\jni.cpp, line 710]
Event: 70.592 Thread 0x0000000002278000 Exception <a 'java/io/FileNotFoundException'> (0x00000000eef4aeb0) thrown at [C:\jenkins\workspace\8-2-build-windows-amd64-cygwin\jdk8u251\737\hotspot\src\share\vm\prims\jni.cpp, line 710]
Event: 70.592 Thread 0x0000000002278000 Exception <a 'java/io/FileNotFoundException'> (0x00000000eef4c220) thrown at [C:\jenkins\workspace\8-2-build-windows-amd64-cygwin\jdk8u251\737\hotspot\src\share\vm\prims\jni.cpp, line 710]
Event: 73.405 Thread 0x0000000002278000 Exception <a 'java/io/FileNotFoundException'> (0x00000000efab7768) thrown at [C:\jenkins\workspace\8-2-build-windows-amd64-cygwin\jdk8u251\737\hotspot\src\share\vm\prims\jni.cpp, line 710]
Event: 76.720 Thread 0x0000000002278000 Exception <a 'java/io/FileNotFoundException'> (0x00000000f03f1fc8) thrown at [C:\jenkins\workspace\8-2-build-windows-amd64-cygwin\jdk8u251\737\hotspot\src\share\vm\prims\jni.cpp, line 710]
Event: 78.599 Thread 0x0000000002278000 Exception <a 'java/lang/NoSuchMethodError': org.apache.maven.execution.MavenExecutionRequest.getFailureBehavior()Ljava/lang/String;> (0x00000000f1a30978) thrown at [C:\jenkins\workspace\8-2-build-windows-amd64-cygwin\jdk8u251\737\hotspot\src\share\vm\inte
Event: 78.704 Thread 0x0000000057f0d000 Implicit null exception at 0x000000000390cde4 to 0x000000000390d921

Events (10 events):
Event: 143.371 loading class org/apache/maven/plugin/surefire/booterclient/output/InPluginProcessDumpSingleton done
Event: 143.371 loading class org/apache/maven/plugin/surefire/booterclient/output/InPluginProcessDumpSingleton
Event: 143.371 loading class org/apache/maven/plugin/surefire/booterclient/output/InPluginProcessDumpSingleton done
Event: 143.371 loading class org/apache/maven/plugin/surefire/booterclient/output/InPluginProcessDumpSingleton
Event: 143.371 loading class org/apache/maven/plugin/surefire/booterclient/output/InPluginProcessDumpSingleton done
Event: 143.371 loading class org/apache/maven/plugin/surefire/booterclient/output/InPluginProcessDumpSingleton
Event: 143.371 loading class org/apache/maven/plugin/surefire/booterclient/output/InPluginProcessDumpSingleton done
Event: 143.377 loading class java/lang/Throwable$WrappedPrintWriter
Event: 143.377 loading class java/lang/Throwable$PrintStreamOrWriter
Event: 143.377 Executing VM operation: CollectForMetadataAllocation


Dynamic libraries:
0x000000013f990000 - 0x000000013f9c7000 	C:\Program Files\Java\jdk1.8.0_251\bin\java.exe
0x0000000077320000 - 0x00000000774bf000 	C:\Windows\SYSTEM32\ntdll.dll
0x0000000077200000 - 0x000000007731f000 	C:\Windows\system32\kernel32.dll
0x000007fefd4a0000 - 0x000007fefd507000 	C:\Windows\system32\KERNELBASE.dll
0x000007fefeb50000 - 0x000007fefec2b000 	C:\Windows\system32\ADVAPI32.dll
0x000007feff4a0000 - 0x000007feff53f000 	C:\Windows\system32\msvcrt.dll
0x000007fefef30000 - 0x000007fefef4f000 	C:\Windows\SYSTEM32\sechost.dll
0x000007fefedd0000 - 0x000007fefeefc000 	C:\Windows\system32\RPCRT4.dll
0x0000000077100000 - 0x00000000771fb000 	C:\Windows\system32\USER32.dll
0x000007fefe880000 - 0x000007fefe8e7000 	C:\Windows\system32\GDI32.dll
0x000007fefe870000 - 0x000007fefe87e000 	C:\Windows\system32\LPK.dll
0x000007feff3d0000 - 0x000007feff49b000 	C:\Windows\system32\USP10.dll
0x000007fefbdd0000 - 0x000007fefbfc5000 	C:\Windows\WinSxS\amd64_microsoft.windows.common-controls_6595b64144ccf1df_6.0.7601.24483_none_e372d88f30fbb845\COMCTL32.dll
0x000007fefe380000 - 0x000007fefe3f1000 	C:\Windows\system32\SHLWAPI.dll
0x000007fefef00000 - 0x000007fefef2e000 	C:\Windows\system32\IMM32.DLL
0x000007feff260000 - 0x000007feff36b000 	C:\Windows\system32\MSCTF.dll
0x000000005ea90000 - 0x000000005eb62000 	C:\Program Files\Java\jdk1.8.0_251\jre\bin\msvcr100.dll
0x000000005d8a0000 - 0x000000005e14b000 	C:\Program Files\Java\jdk1.8.0_251\jre\bin\server\jvm.dll
0x000007fef8db0000 - 0x000007fef8db9000 	C:\Windows\system32\WSOCK32.dll
0x000007fefecd0000 - 0x000007fefed1d000 	C:\Windows\system32\WS2_32.dll
0x000007fefedc0000 - 0x000007fefedc8000 	C:\Windows\system32\NSI.dll
0x000007fefb030000 - 0x000007fefb06b000 	C:\Windows\system32\WINMM.dll
0x000007fefc2e0000 - 0x000007fefc2ec000 	C:\Windows\system32\VERSION.dll
0x00000000774c0000 - 0x00000000774c7000 	C:\Windows\system32\PSAPI.DLL
0x000007fed7b30000 - 0x000007fed7b3f000 	C:\Program Files\Java\jdk1.8.0_251\jre\bin\verify.dll
0x000007fed76b0000 - 0x000007fed76d9000 	C:\Program Files\Java\jdk1.8.0_251\jre\bin\java.dll
0x000007fed7a10000 - 0x000007fed7a26000 	C:\Program Files\Java\jdk1.8.0_251\jre\bin\zip.dll
0x000007fefd5f0000 - 0x000007fefe37b000 	C:\Windows\system32\SHELL32.dll
0x000007fefe670000 - 0x000007fefe86f000 	C:\Windows\system32\ole32.dll
0x000007fefd1e0000 - 0x000007fefd1ef000 	C:\Windows\system32\profapi.dll
0x000007fef7d70000 - 0x000007fef7d7a000 	C:\apache-maven-3.6.3\lib\jansi-native\windows64\jansi.dll
0x000007fed76e0000 - 0x000007fed76fa000 	C:\Program Files\Java\jdk1.8.0_251\jre\bin\net.dll
0x000007fefc9f0000 - 0x000007fefca45000 	C:\Windows\system32\mswsock.dll
0x000007fefc9e0000 - 0x000007fefc9e7000 	C:\Windows\System32\wship6.dll
0x000007fed7690000 - 0x000007fed76a2000 	C:\Program Files\Java\jdk1.8.0_251\jre\bin\nio.dll
0x000007fef7120000 - 0x000007fef712d000 	C:\Program Files\Java\jdk1.8.0_251\jre\bin\management.dll
0x000007fefad30000 - 0x000007fefad45000 	C:\Windows\system32\NLAapi.dll
0x000007fef7510000 - 0x000007fef7525000 	C:\Windows\system32\napinsp.dll
0x000007fef74f0000 - 0x000007fef7509000 	C:\Windows\system32\pnrpnsp.dll
0x000007fefc870000 - 0x000007fefc8cb000 	C:\Windows\system32\DNSAPI.dll
0x000007fef74e0000 - 0x000007fef74eb000 	C:\Windows\System32\winrnr.dll
0x000007fefc400000 - 0x000007fefc407000 	C:\Windows\System32\wshtcpip.dll
0x000007fefaac0000 - 0x000007fefaae7000 	C:\Windows\system32\IPHLPAPI.DLL
0x000007fefaab0000 - 0x000007fefaabb000 	C:\Windows\system32\WINNSI.DLL
0x000007fef8ce0000 - 0x000007fef8ce8000 	C:\Windows\system32\rasadhlp.dll
0x000007fefa8f0000 - 0x000007fefa943000 	C:\Windows\System32\fwpuclnt.dll
0x000007fefca50000 - 0x000007fefca68000 	C:\Windows\system32\CRYPTSP.dll
0x000007fefc730000 - 0x000007fefc777000 	C:\Windows\system32\rsaenh.dll
0x000007fefc820000 - 0x000007fefc83f000 	C:\Windows\system32\USERENV.dll
0x000007fefd110000 - 0x000007fefd11f000 	C:\Windows\system32\CRYPTBASE.dll
0x000007fefa850000 - 0x000007fefa861000 	C:\Windows\system32\dhcpcsvc6.DLL
0x000007fefa7d0000 - 0x000007fefa7e8000 	C:\Windows\system32\dhcpcsvc.DLL
0x000007fefd0b0000 - 0x000007fefd107000 	C:\Windows\system32\apphelp.dll

VM Arguments:
jvm_args: -Dclassworlds.conf=C:\apache-maven-3.6.3\bin\..\bin\m2.conf -Dmaven.home=C:\apache-maven-3.6.3\bin\.. -Dlibrary.jansi.path=C:\apache-maven-3.6.3\bin\..\lib\jansi-native -Dmaven.multiModuleProjectDirectory=C:\Users\Админ\Documents\NetBeansProjects\WikSim-client 
java_command: org.codehaus.plexus.classworlds.launcher.Launcher -Dmaven.ext.class.path=C:\Program Files\NetBeans-11.1\netbeans\java\maven-nblib\netbeans-eventspy.jar -Dfile.encoding=UTF-8 clean install
java_class_path (initial): C:\apache-maven-3.6.3\bin\..\boot\plexus-classworlds-2.6.0.jar
Launcher Type: SUN_STANDARD

Environment Variables:
JAVA_HOME=C:\Program Files\Java\jdk1.8.0_251
PATH=C:\Program Files (x86)\Common Files\Oracle\Java\javapath;C:\Windows\system32;C:\Windows;C:\Windows\System32\Wbem;C:\Windows\System32\WindowsPowerShell\v1.0\;C:\Program Files (x86)\AMD\ATI.ACE\Core-Static;C:\Program Files\Java\jdk1.8.0_251\bin;C:\apache-maven-3.6.3\bin;C:\Program Files\PostgreSQL\10\bin
USERNAME=Админ
OS=Windows_NT
PROCESSOR_IDENTIFIER=AMD64 Family 16 Model 4 Stepping 3, AuthenticAMD



---------------  S Y S T E M  ---------------

OS: Windows 7 , 64 bit Build 7601 (6.1.7601.24545)

CPU:total 4 (initial active 4) (4 cores per cpu, 1 threads per core) family 16 model 4 stepping 3, cmov, cx8, fxsr, mmx, sse, sse2, sse3, popcnt, mmxext, 3dnowpref, lzcnt, sse4a, tsc, tscinvbit, tscinv

Memory: 4k page, physical 4191452k(88716k free), swap 11731256k(4892k free)

vm_info: Java HotSpot(TM) 64-Bit Server VM (25.251-b08) for windows-amd64 JRE (1.8.0_251-b08), built on Mar 12 2020 06:31:49 by "" with MS VC++ 10.0 (VS2010)

time: Fri Jul 30 21:24:31 2021
timezone: RTZ 2 (зима)
elapsed time: 143 seconds (0d 0h 2m 23s)

