#
# There is insufficient memory for the Java Runtime Environment to continue.
# Native memory allocation (malloc) failed to allocate 429312 bytes for Chunk::new
# Possible reasons:
#   The system is out of physical RAM or swap space
#   The process is running with CompressedOops enabled, and the Java Heap may be blocking the growth of the native heap
# Possible solutions:
#   Reduce memory load on the system
#   Increase physical memory or swap space
#   Check if swap backing store is full
#   Decrease Java heap size (-Xmx/-Xms)
#   Decrease number of Java threads
#   Decrease Java thread stack sizes (-Xss)
#   Set larger code cache with -XX:ReservedCodeCacheSize=
#   JVM is running with Unscaled Compressed Oops mode in which the Java heap is
#     placed in the first 4GB address space. The Java Heap base address is the
#     maximum limit for the native heap growth. Please use -XX:HeapBaseMinAddress
#     to set the Java Heap base and to place the Java Heap above 4GB virtual address.
# This output file may be truncated or incomplete.
#
#  Out of Memory Error (allocation.cpp:389), pid=9360, tid=0x0000000000001874
#
# JRE version: Java(TM) SE Runtime Environment (8.0_251-b08) (build 1.8.0_251-b08)
# Java VM: Java HotSpot(TM) 64-Bit Server VM (25.251-b08 mixed mode windows-amd64 compressed oops)
# Failed to write core dump. Minidumps are not enabled by default on client versions of Windows
#

---------------  T H R E A D  ---------------

Current thread (0x00000000565f9000):  JavaThread "C2 CompilerThread1" daemon [_thread_in_native, id=6260, stack(0x0000000056c00000,0x0000000056d00000)]

Stack: [0x0000000056c00000,0x0000000056d00000]
[error occurred during error reporting (printing stack bounds), id 0xc0000005]

Native frames: (J=compiled Java code, j=interpreted, Vv=VM code, C=native code)


Current CompileTask:
C2:  57986 4140       4       org.springframework.core.ResolvableType::resolveClass (73 bytes)


---------------  P R O C E S S  ---------------

Java Threads: ( => current thread )
  0x0000000057df5000 JavaThread "HikariPool-1 housekeeper" daemon [_thread_blocked, id=9940, stack(0x0000000059770000,0x0000000059870000)]
  0x000000005ae8a000 JavaThread "PostgreSQL-JDBC-SharedTimer-1" daemon [_thread_blocked, id=8180, stack(0x0000000059af0000,0x0000000059bf0000)]
  0x00000000567d9800 JavaThread "surefire-forkedjvm-ping-30s" daemon [_thread_in_native, id=9324, stack(0x0000000057640000,0x0000000057740000)]
  0x000000005671c800 JavaThread "surefire-forkedjvm-command-thread" daemon [_thread_in_native, id=6668, stack(0x00000000574c0000,0x00000000575c0000)]
  0x0000000056676800 JavaThread "Service Thread" daemon [_thread_blocked, id=10172, stack(0x0000000057260000,0x0000000057360000)]
  0x0000000056644000 JavaThread "C1 CompilerThread2" daemon [_thread_blocked, id=9448, stack(0x0000000057000000,0x0000000057100000)]
=>0x00000000565f9000 JavaThread "C2 CompilerThread1" daemon [_thread_in_native, id=6260, stack(0x0000000056c00000,0x0000000056d00000)]
  0x00000000552df800 JavaThread "C2 CompilerThread0" daemon [_thread_in_native, id=6168, stack(0x0000000056dd0000,0x0000000056ed0000)]
  0x00000000552dd000 JavaThread "Attach Listener" daemon [_thread_blocked, id=10012, stack(0x0000000056ae0000,0x0000000056be0000)]
  0x00000000552db800 JavaThread "Signal Dispatcher" daemon [_thread_blocked, id=5456, stack(0x00000000564f0000,0x00000000565f0000)]
  0x00000000552ba800 JavaThread "Finalizer" daemon [_thread_blocked, id=4560, stack(0x0000000056390000,0x0000000056490000)]
  0x00000000552b3000 JavaThread "Reference Handler" daemon [_thread_blocked, id=10224, stack(0x0000000056250000,0x0000000056350000)]
  0x000000000015e800 JavaThread "main" [_thread_in_native, id=6792, stack(0x00000000024b0000,0x00000000025b0000)]

Other Threads:
  0x000000005526b800 VMThread [stack: 0x0000000011fb0000,0x00000000120b0000] [id=9660]
  0x000000005665c800 WatcherThread [stack: 0x0000000057100000,0x0000000057200000] [id=9612]

VM state:not at safepoint (normal execution)

VM Mutex/Monitor currently owned by a thread: None

heap address: 0x00000000c0000000, size: 1024 MB, Compressed Oops mode: 32-bit
Narrow klass base: 0x0000000000000000, Narrow klass shift: 0
Compressed class space size: 1073741824 Address: 0x00000000148e0000

Heap:
 PSYoungGen      total 38400K, used 10361K [0x00000000eab00000, 0x00000000ed880000, 0x0000000100000000)
  eden space 36352K, 23% used [0x00000000eab00000,0x00000000eb376400,0x00000000ece80000)
  from space 2048K, 82% used [0x00000000ecf80000,0x00000000ed128380,0x00000000ed180000)
  to   space 5120K, 0% used [0x00000000ed380000,0x00000000ed380000,0x00000000ed880000)
 ParOldGen       total 35328K, used 17443K [0x00000000c0000000, 0x00000000c2280000, 0x00000000eab00000)
  object space 35328K, 49% used [0x00000000c0000000,0x00000000c1108d00,0x00000000c2280000)
 Metaspace       used 48758K, capacity 50164K, committed 50600K, reserved 1093632K
  class space    used 6736K, capacity 7016K, committed 7080K, reserved 1048576K

Card table byte_map: [0x0000000011c40000,0x0000000011e50000] byte_map_base: 0x0000000011640000

Marking Bits: (ParMarkBitMap*) 0x000000005e0caf90
 Begin Bits: [0x00000000126e0000, 0x00000000136e0000)
 End Bits:   [0x00000000136e0000, 0x00000000146e0000)

Polling page: 0x0000000000140000

CodeCache: size=245760Kb used=13864Kb max_used=13864Kb free=231895Kb
 bounds [0x0000000002880000, 0x0000000003620000, 0x0000000011880000]
 total_blobs=4322 nmethods=3819 adapters=416
 compilation: enabled

Compilation events (10 events):
Event: 57.727 Thread 0x0000000056644000 4152   !   3       com.sun.proxy.$Proxy31::annotationType (29 bytes)
Event: 57.727 Thread 0x0000000056644000 nmethod 4152 0x00000000035db110 code [0x00000000035db2a0, 0x00000000035db6b8]
Event: 57.727 Thread 0x0000000056644000 4154       3       org.springframework.core.convert.TypeDescriptor::hashCode (8 bytes)
Event: 57.727 Thread 0x0000000056644000 nmethod 4154 0x0000000003616250 code [0x00000000036163c0, 0x0000000003616668]
Event: 57.738 Thread 0x0000000056644000 4156       3       org.springframework.beans.ExtendedBeanInfoFactory::supports (41 bytes)
Event: 57.738 Thread 0x0000000056644000 nmethod 4156 0x0000000003616750 code [0x0000000003616900, 0x0000000003616d68]
Event: 57.738 Thread 0x0000000056644000 4155       3       org.springframework.beans.ExtendedBeanInfoFactory::getBeanInfo (24 bytes)
Event: 57.738 Thread 0x0000000056644000 nmethod 4155 0x0000000003616fd0 code [0x0000000003617160, 0x0000000003617408]
Event: 57.828 Thread 0x0000000056644000 4157       3       sun.reflect.DelegatingMethodAccessorImpl::setDelegate (6 bytes)
Event: 57.829 Thread 0x0000000056644000 nmethod 4157 0x00000000035dadd0 code [0x00000000035daf20, 0x00000000035db090]

GC Heap History (10 events):
Event: 51.136 GC heap before
{Heap before GC invocations=19 (full 2):
 PSYoungGen      total 46080K, used 44969K [0x00000000eab00000, 0x00000000ede80000, 0x0000000100000000)
  eden space 41472K, 100% used [0x00000000eab00000,0x00000000ed380000,0x00000000ed380000)
  from space 4608K, 75% used [0x00000000eda00000,0x00000000edd6a500,0x00000000ede80000)
  to   space 5632K, 0% used [0x00000000ed380000,0x00000000ed380000,0x00000000ed900000)
 ParOldGen       total 35328K, used 14074K [0x00000000c0000000, 0x00000000c2280000, 0x00000000eab00000)
  object space 35328K, 39% used [0x00000000c0000000,0x00000000c0dbe830,0x00000000c2280000)
 Metaspace       used 40163K, capacity 41472K, committed 41896K, reserved 1085440K
  class space    used 5425K, capacity 5684K, committed 5800K, reserved 1048576K
Event: 51.141 GC heap after
Heap after GC invocations=19 (full 2):
 PSYoungGen      total 43520K, used 2791K [0x00000000eab00000, 0x00000000edd80000, 0x0000000100000000)
  eden space 40448K, 0% used [0x00000000eab00000,0x00000000eab00000,0x00000000ed280000)
  from space 3072K, 90% used [0x00000000ed380000,0x00000000ed639cb0,0x00000000ed680000)
  to   space 5632K, 0% used [0x00000000ed800000,0x00000000ed800000,0x00000000edd80000)
 ParOldGen       total 35328K, used 15202K [0x00000000c0000000, 0x00000000c2280000, 0x00000000eab00000)
  object space 35328K, 43% used [0x00000000c0000000,0x00000000c0ed8920,0x00000000c2280000)
 Metaspace       used 40163K, capacity 41472K, committed 41896K, reserved 1085440K
  class space    used 5425K, capacity 5684K, committed 5800K, reserved 1048576K
}
Event: 54.110 GC heap before
{Heap before GC invocations=20 (full 2):
 PSYoungGen      total 43520K, used 43239K [0x00000000eab00000, 0x00000000edd80000, 0x0000000100000000)
  eden space 40448K, 100% used [0x00000000eab00000,0x00000000ed280000,0x00000000ed280000)
  from space 3072K, 90% used [0x00000000ed380000,0x00000000ed639cb0,0x00000000ed680000)
  to   space 5632K, 0% used [0x00000000ed800000,0x00000000ed800000,0x00000000edd80000)
 ParOldGen       total 35328K, used 15202K [0x00000000c0000000, 0x00000000c2280000, 0x00000000eab00000)
  object space 35328K, 43% used [0x00000000c0000000,0x00000000c0ed8920,0x00000000c2280000)
 Metaspace       used 42901K, capacity 44238K, committed 44584K, reserved 1087488K
  class space    used 5804K, capacity 6071K, committed 6184K, reserved 1048576K
Event: 54.117 GC heap after
Heap after GC invocations=20 (full 2):
 PSYoungGen      total 43008K, used 3163K [0x00000000eab00000, 0x00000000edb80000, 0x0000000100000000)
  eden space 39424K, 0% used [0x00000000eab00000,0x00000000eab00000,0x00000000ed180000)
  from space 3584K, 88% used [0x00000000ed800000,0x00000000edb16cc8,0x00000000edb80000)
  to   space 5120K, 0% used [0x00000000ed180000,0x00000000ed180000,0x00000000ed680000)
 ParOldGen       total 35328K, used 15642K [0x00000000c0000000, 0x00000000c2280000, 0x00000000eab00000)
  object space 35328K, 44% used [0x00000000c0000000,0x00000000c0f46930,0x00000000c2280000)
 Metaspace       used 42901K, capacity 44238K, committed 44584K, reserved 1087488K
  class space    used 5804K, capacity 6071K, committed 6184K, reserved 1048576K
}
Event: 55.389 GC heap before
{Heap before GC invocations=21 (full 2):
 PSYoungGen      total 43008K, used 42587K [0x00000000eab00000, 0x00000000edb80000, 0x0000000100000000)
  eden space 39424K, 100% used [0x00000000eab00000,0x00000000ed180000,0x00000000ed180000)
  from space 3584K, 88% used [0x00000000ed800000,0x00000000edb16cc8,0x00000000edb80000)
  to   space 5120K, 0% used [0x00000000ed180000,0x00000000ed180000,0x00000000ed680000)
 ParOldGen       total 35328K, used 15642K [0x00000000c0000000, 0x00000000c2280000, 0x00000000eab00000)
  object space 35328K, 44% used [0x00000000c0000000,0x00000000c0f46930,0x00000000c2280000)
 Metaspace       used 45552K, capacity 46952K, committed 47272K, reserved 1089536K
  class space    used 6235K, capacity 6540K, committed 6568K, reserved 1048576K
Event: 55.395 GC heap after
Heap after GC invocations=21 (full 2):
 PSYoungGen      total 41472K, used 2755K [0x00000000eab00000, 0x00000000eda80000, 0x0000000100000000)
  eden space 38400K, 0% used [0x00000000eab00000,0x00000000eab00000,0x00000000ed080000)
  from space 3072K, 89% used [0x00000000ed180000,0x00000000ed430ca8,0x00000000ed480000)
  to   space 5120K, 0% used [0x00000000ed580000,0x00000000ed580000,0x00000000eda80000)
 ParOldGen       total 35328K, used 16531K [0x00000000c0000000, 0x00000000c2280000, 0x00000000eab00000)
  object space 35328K, 46% used [0x00000000c0000000,0x00000000c1024cd0,0x00000000c2280000)
 Metaspace       used 45552K, capacity 46952K, committed 47272K, reserved 1089536K
  class space    used 6235K, capacity 6540K, committed 6568K, reserved 1048576K
}
Event: 56.651 GC heap before
{Heap before GC invocations=22 (full 2):
 PSYoungGen      total 41472K, used 41155K [0x00000000eab00000, 0x00000000eda80000, 0x0000000100000000)
  eden space 38400K, 100% used [0x00000000eab00000,0x00000000ed080000,0x00000000ed080000)
  from space 3072K, 89% used [0x00000000ed180000,0x00000000ed430ca8,0x00000000ed480000)
  to   space 5120K, 0% used [0x00000000ed580000,0x00000000ed580000,0x00000000eda80000)
 ParOldGen       total 35328K, used 16531K [0x00000000c0000000, 0x00000000c2280000, 0x00000000eab00000)
  object space 35328K, 46% used [0x00000000c0000000,0x00000000c1024cd0,0x00000000c2280000)
 Metaspace       used 47743K, capacity 49174K, committed 49448K, reserved 1091584K
  class space    used 6608K, capacity 6907K, committed 6952K, reserved 1048576K
Event: 56.655 GC heap after
Heap after GC invocations=22 (full 2):
 PSYoungGen      total 41472K, used 2557K [0x00000000eab00000, 0x00000000ed980000, 0x0000000100000000)
  eden space 37376K, 0% used [0x00000000eab00000,0x00000000eab00000,0x00000000ecf80000)
  from space 4096K, 62% used [0x00000000ed580000,0x00000000ed7ff5e0,0x00000000ed980000)
  to   space 5120K, 0% used [0x00000000ecf80000,0x00000000ecf80000,0x00000000ed480000)
 ParOldGen       total 35328K, used 17043K [0x00000000c0000000, 0x00000000c2280000, 0x00000000eab00000)
  object space 35328K, 48% used [0x00000000c0000000,0x00000000c10a4d00,0x00000000c2280000)
 Metaspace       used 47743K, capacity 49174K, committed 49448K, reserved 1091584K
  class space    used 6608K, capacity 6907K, committed 6952K, reserved 1048576K
}
Event: 57.573 GC heap before
{Heap before GC invocations=23 (full 2):
 PSYoungGen      total 41472K, used 39933K [0x00000000eab00000, 0x00000000ed980000, 0x0000000100000000)
  eden space 37376K, 100% used [0x00000000eab00000,0x00000000ecf80000,0x00000000ecf80000)
  from space 4096K, 62% used [0x00000000ed580000,0x00000000ed7ff5e0,0x00000000ed980000)
  to   space 5120K, 0% used [0x00000000ecf80000,0x00000000ecf80000,0x00000000ed480000)
 ParOldGen       total 35328K, used 17043K [0x00000000c0000000, 0x00000000c2280000, 0x00000000eab00000)
  object space 35328K, 48% used [0x00000000c0000000,0x00000000c10a4d00,0x00000000c2280000)
 Metaspace       used 48597K, capacity 50018K, committed 50344K, reserved 1093632K
  class space    used 6719K, capacity 7011K, committed 7080K, reserved 1048576K
Event: 57.576 GC heap after
Heap after GC invocations=23 (full 2):
 PSYoungGen      total 38400K, used 1696K [0x00000000eab00000, 0x00000000ed880000, 0x0000000100000000)
  eden space 36352K, 0% used [0x00000000eab00000,0x00000000eab00000,0x00000000ece80000)
  from space 2048K, 82% used [0x00000000ecf80000,0x00000000ed128380,0x00000000ed180000)
  to   space 5120K, 0% used [0x00000000ed380000,0x00000000ed380000,0x00000000ed880000)
 ParOldGen       total 35328K, used 17443K [0x00000000c0000000, 0x00000000c2280000, 0x00000000eab00000)
  object space 35328K, 49% used [0x00000000c0000000,0x00000000c1108d00,0x00000000c2280000)
 Metaspace       used 48597K, capacity 50018K, committed 50344K, reserved 1093632K
  class space    used 6719K, capacity 7011K, committed 7080K, reserved 1048576K
}

Deoptimization events (10 events):
Event: 54.446 Thread 0x000000000015e800 Uncommon trap: reason=unstable_if action=reinterpret pc=0x0000000003001714 method=java.lang.reflect.Method.invoke(Ljava/lang/Object;[Ljava/lang/Object;)Ljava/lang/Object; @ 18
Event: 57.122 Thread 0x000000000015e800 Uncommon trap: reason=class_check action=maybe_recompile pc=0x0000000003387634 method=org.springframework.beans.factory.support.AbstractBeanFactory.isTypeMatch(Ljava/lang/String;Lorg/springframework/core/ResolvableType;)Z @ 47
Event: 57.123 Thread 0x000000000015e800 Uncommon trap: reason=class_check action=maybe_recompile pc=0x0000000003387634 method=org.springframework.beans.factory.support.AbstractBeanFactory.isTypeMatch(Ljava/lang/String;Lorg/springframework/core/ResolvableType;)Z @ 47
Event: 57.129 Thread 0x000000000015e800 Uncommon trap: reason=class_check action=maybe_recompile pc=0x0000000003387634 method=org.springframework.beans.factory.support.AbstractBeanFactory.isTypeMatch(Ljava/lang/String;Lorg/springframework/core/ResolvableType;)Z @ 47
Event: 57.142 Thread 0x000000000015e800 Uncommon trap: reason=class_check action=maybe_recompile pc=0x0000000003387634 method=org.springframework.beans.factory.support.AbstractBeanFactory.isTypeMatch(Ljava/lang/String;Lorg/springframework/core/ResolvableType;)Z @ 47
Event: 57.181 Thread 0x000000000015e800 Uncommon trap: reason=unstable_if action=reinterpret pc=0x00000000033c48a8 method=org.springframework.boot.context.properties.source.ConfigurationPropertyName.elementEquals(Lorg/springframework/boot/context/properties/source/ConfigurationPropertyName$Elem
Event: 57.411 Thread 0x000000000015e800 Uncommon trap: reason=unstable_if action=reinterpret pc=0x0000000003329528 method=org.springframework.asm.Frame.merge(Lorg/springframework/asm/SymbolTable;I[II)Z @ 87
Event: 57.415 Thread 0x000000000015e800 Uncommon trap: reason=unstable_if action=reinterpret pc=0x0000000003279b88 method=org.springframework.asm.MethodWriter.visitMethodInsn(ILjava/lang/String;Ljava/lang/String;Ljava/lang/String;Z)V @ 81
Event: 57.422 Thread 0x000000000015e800 Uncommon trap: reason=unstable_if action=reinterpret pc=0x0000000003520750 method=java.lang.Class.arrayContentsEq([Ljava/lang/Object;[Ljava/lang/Object;)Z @ 1
Event: 57.713 Thread 0x000000000015e800 Uncommon trap: reason=unstable_if action=reinterpret pc=0x00000000035f3678 method=sun.reflect.misc.ReflectUtil.isNonPublicProxyClass(Ljava/lang/Class;)Z @ 33

Classes redefined (0 events):
No events

Internal exceptions (10 events):
Event: 57.732 Thread 0x000000000015e800 Exception <a 'java/lang/ClassNotFoundException': org/springframework/context/ApplicationContextAwareCustomizer> (0x00000000eb0dd628) thrown at [C:\jenkins\workspace\8-2-build-windows-amd64-cygwin\jdk8u251\737\hotspot\src\share\vm\classfile\systemDictionar
Event: 57.732 Thread 0x000000000015e800 Exception <a 'java/lang/ClassNotFoundException': org/springframework/beans/factory/AwareCustomizer> (0x00000000eb0fe740) thrown at [C:\jenkins\workspace\8-2-build-windows-amd64-cygwin\jdk8u251\737\hotspot\src\share\vm\classfile\systemDictionary.cpp, line 
Event: 57.733 Thread 0x000000000015e800 Exception <a 'java/lang/ClassNotFoundException': org/springframework/beans/factory/FactoryBeanCustomizer> (0x00000000eb120e58) thrown at [C:\jenkins\workspace\8-2-build-windows-amd64-cygwin\jdk8u251\737\hotspot\src\share\vm\classfile\systemDictionary.cpp,
Event: 57.733 Thread 0x000000000015e800 Exception <a 'java/lang/ClassNotFoundException': org/springframework/beans/factory/BeanClassLoaderAwareCustomizer> (0x00000000eb14a650) thrown at [C:\jenkins\workspace\8-2-build-windows-amd64-cygwin\jdk8u251\737\hotspot\src\share\vm\classfile\systemDictio
Event: 57.734 Thread 0x000000000015e800 Exception <a 'java/lang/ClassNotFoundException': org/springframework/beans/factory/AwareCustomizer> (0x00000000eb16b2d0) thrown at [C:\jenkins\workspace\8-2-build-windows-amd64-cygwin\jdk8u251\737\hotspot\src\share\vm\classfile\systemDictionary.cpp, line 
Event: 57.735 Thread 0x000000000015e800 Exception <a 'java/lang/ClassNotFoundException': org/springframework/beans/factory/BeanFactoryAwareCustomizer> (0x00000000eb18fc00) thrown at [C:\jenkins\workspace\8-2-build-windows-amd64-cygwin\jdk8u251\737\hotspot\src\share\vm\classfile\systemDictionary
Event: 57.735 Thread 0x000000000015e800 Exception <a 'java/lang/ClassNotFoundException': org/springframework/beans/factory/AwareCustomizer> (0x00000000eb1b0c18) thrown at [C:\jenkins\workspace\8-2-build-windows-amd64-cygwin\jdk8u251\737\hotspot\src\share\vm\classfile\systemDictionary.cpp, line 
Event: 57.736 Thread 0x000000000015e800 Exception <a 'java/lang/ClassNotFoundException': org/springframework/beans/factory/InitializingBeanCustomizer> (0x00000000eb1d5540) thrown at [C:\jenkins\workspace\8-2-build-windows-amd64-cygwin\jdk8u251\737\hotspot\src\share\vm\classfile\systemDictionary
Event: 57.736 Thread 0x000000000015e800 Exception <a 'java/lang/ClassNotFoundException': org/springframework/beans/factory/DisposableBeanCustomizer> (0x00000000eb1f8cd8) thrown at [C:\jenkins\workspace\8-2-build-windows-amd64-cygwin\jdk8u251\737\hotspot\src\share\vm\classfile\systemDictionary.c
Event: 57.838 Thread 0x000000000015e800 Exception <a 'java/lang/NoSuchMethodError': java.lang.Object.lambda$static$0(Ljava/lang/Object;)Lorg/springframework/expression/EvaluationContext;> (0x00000000eb28ff68) thrown at [C:\jenkins\workspace\8-2-build-windows-amd64-cygwin\jdk8u251\737\hotspot\sr

Events (10 events):
Event: 57.838 loading class org/springframework/data/spel/EvaluationContextProvider
Event: 57.838 loading class org/springframework/data/spel/EvaluationContextProvider done
Event: 57.838 loading class org/springframework/data/mapping/model/SimpleTypeHolder
Event: 57.838 loading class org/springframework/data/mapping/model/SimpleTypeHolder done
Event: 57.870 loading class org/springframework/data/mapping/model/SimpleTypeHolder$1
Event: 57.870 loading class org/springframework/data/mapping/model/SimpleTypeHolder$1 done
Event: 57.878 loading class org/springframework/data/mapping/model/SimpleTypeHolder
Event: 57.878 loading class org/springframework/data/mapping/model/SimpleTypeHolder done
Event: 57.878 loading class org/springframework/data/mapping/context/PersistentPropertyPathFactory
Event: 57.878 loading class org/springframework/data/mapping/context/PersistentPropertyPathFactory done


Dynamic libraries:
0x000000013f990000 - 0x000000013f9c7000 	C:\Program Files\Java\jdk1.8.0_251\jre\bin\java.exe
0x0000000077320000 - 0x00000000774bf000 	C:\Windows\SYSTEM32\ntdll.dll
0x0000000077200000 - 0x000000007731f000 	C:\Windows\system32\kernel32.dll
0x000007fefd4a0000 - 0x000007fefd507000 	C:\Windows\system32\KERNELBASE.dll
0x000007fefeb50000 - 0x000007fefec2b000 	C:\Windows\system32\ADVAPI32.dll
0x000007feff4a0000 - 0x000007feff53f000 	C:\Windows\system32\msvcrt.dll
0x000007fefef30000 - 0x000007fefef4f000 	C:\Windows\SYSTEM32\sechost.dll
0x000007fefedd0000 - 0x000007fefeefc000 	C:\Windows\system32\RPCRT4.dll
0x0000000077100000 - 0x00000000771fb000 	C:\Windows\system32\USER32.dll
0x000007fefe880000 - 0x000007fefe8e7000 	C:\Windows\system32\GDI32.dll
0x000007fefe870000 - 0x000007fefe87e000 	C:\Windows\system32\LPK.dll
0x000007feff3d0000 - 0x000007feff49b000 	C:\Windows\system32\USP10.dll
0x000007fefbdd0000 - 0x000007fefbfc5000 	C:\Windows\WinSxS\amd64_microsoft.windows.common-controls_6595b64144ccf1df_6.0.7601.24483_none_e372d88f30fbb845\COMCTL32.dll
0x000007fefe380000 - 0x000007fefe3f1000 	C:\Windows\system32\SHLWAPI.dll
0x000007fefef00000 - 0x000007fefef2e000 	C:\Windows\system32\IMM32.DLL
0x000007feff260000 - 0x000007feff36b000 	C:\Windows\system32\MSCTF.dll
0x000000005ea90000 - 0x000000005eb62000 	C:\Program Files\Java\jdk1.8.0_251\jre\bin\msvcr100.dll
0x000000005d8a0000 - 0x000000005e14b000 	C:\Program Files\Java\jdk1.8.0_251\jre\bin\server\jvm.dll
0x000007fef8db0000 - 0x000007fef8db9000 	C:\Windows\system32\WSOCK32.dll
0x000007fefecd0000 - 0x000007fefed1d000 	C:\Windows\system32\WS2_32.dll
0x000007fefedc0000 - 0x000007fefedc8000 	C:\Windows\system32\NSI.dll
0x000007fefb030000 - 0x000007fefb06b000 	C:\Windows\system32\WINMM.dll
0x000007fefc2e0000 - 0x000007fefc2ec000 	C:\Windows\system32\VERSION.dll
0x00000000774c0000 - 0x00000000774c7000 	C:\Windows\system32\PSAPI.DLL
0x000007fed7b30000 - 0x000007fed7b3f000 	C:\Program Files\Java\jdk1.8.0_251\jre\bin\verify.dll
0x000007fed76b0000 - 0x000007fed76d9000 	C:\Program Files\Java\jdk1.8.0_251\jre\bin\java.dll
0x000007fed7a10000 - 0x000007fed7a26000 	C:\Program Files\Java\jdk1.8.0_251\jre\bin\zip.dll
0x000007fefd5f0000 - 0x000007fefe37b000 	C:\Windows\system32\SHELL32.dll
0x000007fefe670000 - 0x000007fefe86f000 	C:\Windows\system32\ole32.dll
0x000007fefd1e0000 - 0x000007fefd1ef000 	C:\Windows\system32\profapi.dll
0x000007fef7120000 - 0x000007fef712d000 	C:\Program Files\Java\jdk1.8.0_251\jre\bin\management.dll
0x000007fefd0b0000 - 0x000007fefd107000 	C:\Windows\system32\apphelp.dll
0x000007fed76e0000 - 0x000007fed76fa000 	C:\Program Files\Java\jdk1.8.0_251\jre\bin\net.dll
0x000007fefc9f0000 - 0x000007fefca45000 	C:\Windows\system32\mswsock.dll
0x000007fefc9e0000 - 0x000007fefc9e7000 	C:\Windows\System32\wship6.dll
0x000007fefad30000 - 0x000007fefad45000 	C:\Windows\system32\NLAapi.dll
0x000007fef7510000 - 0x000007fef7525000 	C:\Windows\system32\napinsp.dll
0x000007fef74f0000 - 0x000007fef7509000 	C:\Windows\system32\pnrpnsp.dll
0x000007fefc870000 - 0x000007fefc8cb000 	C:\Windows\system32\DNSAPI.dll
0x000007fef74e0000 - 0x000007fef74eb000 	C:\Windows\System32\winrnr.dll
0x000007fefc400000 - 0x000007fefc407000 	C:\Windows\System32\wshtcpip.dll
0x000007fefaac0000 - 0x000007fefaae7000 	C:\Windows\system32\IPHLPAPI.DLL
0x000007fefaab0000 - 0x000007fefaabb000 	C:\Windows\system32\WINNSI.DLL
0x000007fef8ce0000 - 0x000007fef8ce8000 	C:\Windows\system32\rasadhlp.dll
0x000007fefa8f0000 - 0x000007fefa943000 	C:\Windows\System32\fwpuclnt.dll
0x000007fed7690000 - 0x000007fed76a2000 	C:\Program Files\Java\jdk1.8.0_251\jre\bin\nio.dll
0x000007fefca50000 - 0x000007fefca68000 	C:\Windows\system32\CRYPTSP.dll
0x000007fefc730000 - 0x000007fefc777000 	C:\Windows\system32\rsaenh.dll
0x000007fefc820000 - 0x000007fefc83f000 	C:\Windows\system32\USERENV.dll
0x000007fefd110000 - 0x000007fefd11f000 	C:\Windows\system32\CRYPTBASE.dll
0x000007fefa850000 - 0x000007fefa861000 	C:\Windows\system32\dhcpcsvc6.DLL
0x000007fefa7d0000 - 0x000007fefa7e8000 	C:\Windows\system32\dhcpcsvc.DLL

VM Arguments:
java_command: C:\Users\7272~1\AppData\Local\Temp\surefire7536701458850649568\surefirebooter8831165816739499923.jar C:\Users\Админ\AppData\Local\Temp\surefire7536701458850649568 2021-07-30T21-23-26_337-jvmRun1 surefire950730031051942079tmp surefire_03774506814279409887tmp
java_class_path (initial): C:\Users\7272~1\AppData\Local\Temp\surefire7536701458850649568\surefirebooter8831165816739499923.jar
Launcher Type: SUN_STANDARD

Environment Variables:
JAVA_HOME=C:\Program Files\Java\jdk1.8.0_251
PATH=C:\Program Files (x86)\Common Files\Oracle\Java\javapath;C:\Windows\system32;C:\Windows;C:\Windows\System32\Wbem;C:\Windows\System32\WindowsPowerShell\v1.0\;C:\Program Files (x86)\AMD\ATI.ACE\Core-Static;C:\Program Files\Java\jdk1.8.0_251\bin;C:\apache-maven-3.6.3\bin;C:\Program Files\PostgreSQL\10\bin
USERNAME=Админ
OS=Windows_NT
PROCESSOR_IDENTIFIER=AMD64 Family 16 Model 4 Stepping 3, AuthenticAMD



---------------  S Y S T E M  ---------------

OS: Windows 7 , 64 bit Build 7601 (6.1.7601.24545)

CPU:total 4 (initial active 4) (4 cores per cpu, 1 threads per core) family 16 model 4 stepping 3, cmov, cx8, fxsr, mmx, sse, sse2, sse3, popcnt, mmxext, 3dnowpref, lzcnt, sse4a, tsc, tscinvbit, tscinv

Memory: 4k page, physical 4191452k(88728k free), swap 11731256k(4904k free)

vm_info: Java HotSpot(TM) 64-Bit Server VM (25.251-b08) for windows-amd64 JRE (1.8.0_251-b08), built on Mar 12 2020 06:31:49 by "" with MS VC++ 10.0 (VS2010)

time: Fri Jul 30 21:24:31 2021
timezone: RTZ 2 (зима)
elapsed time: 58 seconds (0d 0h 0m 58s)

