#
# There is insufficient memory for the Java Runtime Environment to continue.
# Native memory allocation (malloc) failed to allocate 32744 bytes for ChunkPool::allocate
# Possible reasons:
#   The system is out of physical RAM or swap space
#   The process is running with CompressedOops enabled, and the Java Heap may be blocking the growth of the native heap
# Possible solutions:
#   Reduce memory load on the system
#   Increase physical memory or swap space
#   Check if swap backing store is full
#   Decrease Java heap size (-Xmx/-Xms)
#   Decrease number of Java threads
#   Decrease Java thread stack sizes (-Xss)
#   Set larger code cache with -XX:ReservedCodeCacheSize=
#   JVM is running with Unscaled Compressed Oops mode in which the Java heap is
#     placed in the first 4GB address space. The Java Heap base address is the
#     maximum limit for the native heap growth. Please use -XX:HeapBaseMinAddress
#     to set the Java Heap base and to place the Java Heap above 4GB virtual address.
# This output file may be truncated or incomplete.
#
#  Out of Memory Error (allocation.cpp:272), pid=2304, tid=0x000000000000258c
#
# JRE version: Java(TM) SE Runtime Environment (8.0_251-b08) (build 1.8.0_251-b08)
# Java VM: Java HotSpot(TM) 64-Bit Server VM (25.251-b08 mixed mode windows-amd64 compressed oops)
# Failed to write core dump. Minidumps are not enabled by default on client versions of Windows
#

---------------  T H R E A D  ---------------

Current thread (0x000000005696d000):  JavaThread "C2 CompilerThread1" daemon [_thread_in_native, id=9612, stack(0x0000000057090000,0x0000000057190000)]

Stack: [0x0000000057090000,0x0000000057190000]
[error occurred during error reporting (printing stack bounds), id 0xc0000005]

Native frames: (J=compiled Java code, j=interpreted, Vv=VM code, C=native code)


Current CompileTask:
C2:  33885 3571       4       java.net.URLClassLoader$1::run (5 bytes)


---------------  P R O C E S S  ---------------

Java Threads: ( => current thread )
  0x000000005813d800 JavaThread "HikariPool-1 connection adder" daemon [_thread_blocked, id=10104, stack(0x000000005d1f0000,0x000000005d2f0000)]
  0x0000000058d07800 JavaThread "HikariPool-1 housekeeper" daemon [_thread_blocked, id=10092, stack(0x0000000059e20000,0x0000000059f20000)]
  0x000000005af40800 JavaThread "PostgreSQL-JDBC-SharedTimer-1" daemon [_thread_blocked, id=4912, stack(0x0000000059890000,0x0000000059990000)]
  0x0000000056b51800 JavaThread "surefire-forkedjvm-ping-30s" daemon [_thread_in_native, id=8180, stack(0x0000000057990000,0x0000000057a90000)]
  0x0000000056a84000 JavaThread "surefire-forkedjvm-command-thread" daemon [_thread_in_native, id=9940, stack(0x0000000057840000,0x0000000057940000)]
  0x00000000569ea000 JavaThread "Service Thread" daemon [_thread_blocked, id=6260, stack(0x00000000573d0000,0x00000000574d0000)]
  0x00000000569b7800 JavaThread "C1 CompilerThread2" daemon [_thread_blocked, id=9324, stack(0x00000000571d0000,0x00000000572d0000)]
=>0x000000005696d000 JavaThread "C2 CompilerThread1" daemon [_thread_in_native, id=9612, stack(0x0000000057090000,0x0000000057190000)]
  0x000000005525f800 JavaThread "C2 CompilerThread0" daemon [_thread_in_native, id=10172, stack(0x0000000056e70000,0x0000000056f70000)]
  0x000000005525d000 JavaThread "Attach Listener" daemon [_thread_blocked, id=9448, stack(0x0000000056710000,0x0000000056810000)]
  0x000000005525c000 JavaThread "Signal Dispatcher" daemon [_thread_blocked, id=6168, stack(0x0000000056860000,0x0000000056960000)]
  0x000000005523a800 JavaThread "Finalizer" daemon [_thread_blocked, id=10012, stack(0x00000000562a0000,0x00000000563a0000)]
  0x0000000055233000 JavaThread "Reference Handler" daemon [_thread_blocked, id=5456, stack(0x00000000565d0000,0x00000000566d0000)]
  0x00000000022ee800 JavaThread "main" [_thread_in_native, id=8736, stack(0x00000000025d0000,0x00000000026d0000)]

Other Threads:
  0x00000000551eb800 VMThread [stack: 0x0000000056430000,0x0000000056530000] [id=4560]
  0x00000000569d3800 WatcherThread [stack: 0x00000000575b0000,0x00000000576b0000] [id=5720]

VM state:not at safepoint (normal execution)

VM Mutex/Monitor currently owned by a thread: None

heap address: 0x00000000c0000000, size: 1024 MB, Compressed Oops mode: 32-bit
Narrow klass base: 0x0000000000000000, Narrow klass shift: 0
Compressed class space size: 1073741824 Address: 0x0000000014860000

Heap:
 PSYoungGen      total 41984K, used 23806K [0x00000000eab00000, 0x00000000edd80000, 0x0000000100000000)
  eden space 35840K, 60% used [0x00000000eab00000,0x00000000ec04bcc0,0x00000000ece00000)
  from space 6144K, 32% used [0x00000000ed400000,0x00000000ed5f3b58,0x00000000eda00000)
  to   space 6144K, 0% used [0x00000000ece00000,0x00000000ece00000,0x00000000ed400000)
 ParOldGen       total 39936K, used 14818K [0x00000000c0000000, 0x00000000c2700000, 0x00000000eab00000)
  object space 39936K, 37% used [0x00000000c0000000,0x00000000c0e78b78,0x00000000c2700000)
 Metaspace       used 39798K, capacity 41116K, committed 41512K, reserved 1085440K
  class space    used 5382K, capacity 5652K, committed 5672K, reserved 1048576K

Card table byte_map: [0x0000000011d60000,0x0000000011f70000] byte_map_base: 0x0000000011760000

Marking Bits: (ParMarkBitMap*) 0x000000005e0caf90
 Begin Bits: [0x0000000012660000, 0x0000000013660000)
 End Bits:   [0x0000000013660000, 0x0000000014660000)

Polling page: 0x0000000000140000

CodeCache: size=245760Kb used=11769Kb max_used=11805Kb free=233990Kb
 bounds [0x00000000029a0000, 0x0000000003540000, 0x00000000119a0000]
 total_blobs=3729 nmethods=3286 adapters=356
 compilation: enabled

Compilation events (10 events):
Event: 33.670 Thread 0x000000005696d000 3568       4       java.net.URLStreamHandler::toExternalForm (219 bytes)
Event: 33.691 Thread 0x000000005696d000 nmethod 3568 0x0000000002f6c610 code [0x0000000002f6c7c0, 0x0000000002f6d558]
Event: 33.706 Thread 0x000000005525f800 3569   !   4       java.net.URL::<init> (543 bytes)
Event: 33.715 Thread 0x00000000569b7800 3570       3       sun.util.locale.provider.LocaleProviderAdapter::getAdapter (171 bytes)
Event: 33.716 Thread 0x000000005696d000 3571       4       java.net.URLClassLoader$1::run (5 bytes)
Event: 33.716 Thread 0x00000000569b7800 nmethod 3570 0x0000000002fdc650 code [0x0000000002fdc900, 0x0000000002fdda78]
Event: 33.746 Thread 0x00000000569b7800 3573       3       org.apache.logging.log4j.spi.LoggerRegistry::getOrCreateInnerMap (42 bytes)
Event: 33.746 Thread 0x00000000569b7800 nmethod 3573 0x0000000002fe2590 code [0x0000000002fe2740, 0x0000000002fe2d98]
Event: 33.855 Thread 0x000000005525f800 nmethod 3569 0x00000000035333d0 code [0x0000000003533780, 0x0000000003536cb8]
Event: 33.855 Thread 0x000000005525f800 3572   !   4       java.net.URLClassLoader$1::run (63 bytes)

GC Heap History (10 events):
Event: 29.185 GC heap before
{Heap before GC invocations=16 (full 1):
 PSYoungGen      total 32768K, used 28514K [0x00000000eab00000, 0x00000000ed200000, 0x0000000100000000)
  eden space 26624K, 100% used [0x00000000eab00000,0x00000000ec500000,0x00000000ec500000)
  from space 6144K, 30% used [0x00000000ecc00000,0x00000000ecdd8828,0x00000000ed200000)
  to   space 6656K, 0% used [0x00000000ec500000,0x00000000ec500000,0x00000000ecb80000)
 ParOldGen       total 26624K, used 13817K [0x00000000c0000000, 0x00000000c1a00000, 0x00000000eab00000)
  object space 26624K, 51% used [0x00000000c0000000,0x00000000c0d7e478,0x00000000c1a00000)
 Metaspace       used 32856K, capacity 34108K, committed 34352K, reserved 1079296K
  class space    used 4271K, capacity 4540K, committed 4656K, reserved 1048576K
Event: 29.196 GC heap after
Heap after GC invocations=16 (full 1):
 PSYoungGen      total 33280K, used 1669K [0x00000000eab00000, 0x00000000ee000000, 0x0000000100000000)
  eden space 26624K, 0% used [0x00000000eab00000,0x00000000eab00000,0x00000000ec500000)
  from space 6656K, 25% used [0x00000000ec500000,0x00000000ec6a1720,0x00000000ecb80000)
  to   space 6656K, 0% used [0x00000000ed980000,0x00000000ed980000,0x00000000ee000000)
 ParOldGen       total 26624K, used 15057K [0x00000000c0000000, 0x00000000c1a00000, 0x00000000eab00000)
  object space 26624K, 56% used [0x00000000c0000000,0x00000000c0eb4478,0x00000000c1a00000)
 Metaspace       used 32856K, capacity 34108K, committed 34352K, reserved 1079296K
  class space    used 4271K, capacity 4540K, committed 4656K, reserved 1048576K
}
Event: 30.167 GC heap before
{Heap before GC invocations=17 (full 1):
 PSYoungGen      total 33280K, used 7922K [0x00000000eab00000, 0x00000000ee000000, 0x0000000100000000)
  eden space 26624K, 23% used [0x00000000eab00000,0x00000000eb11b108,0x00000000ec500000)
  from space 6656K, 25% used [0x00000000ec500000,0x00000000ec6a1720,0x00000000ecb80000)
  to   space 6656K, 0% used [0x00000000ed980000,0x00000000ed980000,0x00000000ee000000)
 ParOldGen       total 26624K, used 15057K [0x00000000c0000000, 0x00000000c1a00000, 0x00000000eab00000)
  object space 26624K, 56% used [0x00000000c0000000,0x00000000c0eb4478,0x00000000c1a00000)
 Metaspace       used 34106K, capacity 35364K, committed 35496K, reserved 1079296K
  class space    used 4413K, capacity 4702K, committed 4776K, reserved 1048576K
Event: 30.170 GC heap after
Heap after GC invocations=17 (full 1):
 PSYoungGen      total 27136K, used 1004K [0x00000000eab00000, 0x00000000eda80000, 0x0000000100000000)
  eden space 26112K, 0% used [0x00000000eab00000,0x00000000eab00000,0x00000000ec480000)
  from space 1024K, 98% used [0x00000000ed980000,0x00000000eda7b1d0,0x00000000eda80000)
  to   space 6656K, 0% used [0x00000000ecd80000,0x00000000ecd80000,0x00000000ed400000)
 ParOldGen       total 26624K, used 16045K [0x00000000c0000000, 0x00000000c1a00000, 0x00000000eab00000)
  object space 26624K, 60% used [0x00000000c0000000,0x00000000c0fab640,0x00000000c1a00000)
 Metaspace       used 34106K, capacity 35364K, committed 35496K, reserved 1079296K
  class space    used 4413K, capacity 4702K, committed 4776K, reserved 1048576K
}
Event: 30.170 GC heap before
{Heap before GC invocations=18 (full 2):
 PSYoungGen      total 27136K, used 1004K [0x00000000eab00000, 0x00000000eda80000, 0x0000000100000000)
  eden space 26112K, 0% used [0x00000000eab00000,0x00000000eab00000,0x00000000ec480000)
  from space 1024K, 98% used [0x00000000ed980000,0x00000000eda7b1d0,0x00000000eda80000)
  to   space 6656K, 0% used [0x00000000ecd80000,0x00000000ecd80000,0x00000000ed400000)
 ParOldGen       total 26624K, used 16045K [0x00000000c0000000, 0x00000000c1a00000, 0x00000000eab00000)
  object space 26624K, 60% used [0x00000000c0000000,0x00000000c0fab640,0x00000000c1a00000)
 Metaspace       used 34106K, capacity 35364K, committed 35496K, reserved 1079296K
  class space    used 4413K, capacity 4702K, committed 4776K, reserved 1048576K
Event: 30.241 GC heap after
Heap after GC invocations=18 (full 2):
 PSYoungGen      total 27136K, used 0K [0x00000000eab00000, 0x00000000eda80000, 0x0000000100000000)
  eden space 26112K, 0% used [0x00000000eab00000,0x00000000eab00000,0x00000000ec480000)
  from space 1024K, 0% used [0x00000000ed980000,0x00000000ed980000,0x00000000eda80000)
  to   space 6656K, 0% used [0x00000000ecd80000,0x00000000ecd80000,0x00000000ed400000)
 ParOldGen       total 39936K, used 13818K [0x00000000c0000000, 0x00000000c2700000, 0x00000000eab00000)
  object space 39936K, 34% used [0x00000000c0000000,0x00000000c0d7ea88,0x00000000c2700000)
 Metaspace       used 34106K, capacity 35364K, committed 35496K, reserved 1079296K
  class space    used 4413K, capacity 4702K, committed 4776K, reserved 1048576K
}
Event: 32.357 GC heap before
{Heap before GC invocations=19 (full 2):
 PSYoungGen      total 27136K, used 26112K [0x00000000eab00000, 0x00000000eda80000, 0x0000000100000000)
  eden space 26112K, 100% used [0x00000000eab00000,0x00000000ec480000,0x00000000ec480000)
  from space 1024K, 0% used [0x00000000ed980000,0x00000000ed980000,0x00000000eda80000)
  to   space 6656K, 0% used [0x00000000ecd80000,0x00000000ecd80000,0x00000000ed400000)
 ParOldGen       total 39936K, used 13818K [0x00000000c0000000, 0x00000000c2700000, 0x00000000eab00000)
  object space 39936K, 34% used [0x00000000c0000000,0x00000000c0d7ea88,0x00000000c2700000)
 Metaspace       used 36657K, capacity 37966K, committed 38056K, reserved 1083392K
  class space    used 4766K, capacity 5031K, committed 5032K, reserved 1048576K
Event: 32.360 GC heap after
Heap after GC invocations=19 (full 2):
 PSYoungGen      total 38912K, used 2470K [0x00000000eab00000, 0x00000000eda00000, 0x0000000100000000)
  eden space 32256K, 0% used [0x00000000eab00000,0x00000000eab00000,0x00000000eca80000)
  from space 6656K, 37% used [0x00000000ecd80000,0x00000000ecfe9868,0x00000000ed400000)
  to   space 6144K, 0% used [0x00000000ed400000,0x00000000ed400000,0x00000000eda00000)
 ParOldGen       total 39936K, used 13826K [0x00000000c0000000, 0x00000000c2700000, 0x00000000eab00000)
  object space 39936K, 34% used [0x00000000c0000000,0x00000000c0d80a88,0x00000000c2700000)
 Metaspace       used 36657K, capacity 37966K, committed 38056K, reserved 1083392K
  class space    used 4766K, capacity 5031K, committed 5032K, reserved 1048576K
}
Event: 33.308 GC heap before
{Heap before GC invocations=20 (full 2):
 PSYoungGen      total 38912K, used 34726K [0x00000000eab00000, 0x00000000eda00000, 0x0000000100000000)
  eden space 32256K, 100% used [0x00000000eab00000,0x00000000eca80000,0x00000000eca80000)
  from space 6656K, 37% used [0x00000000ecd80000,0x00000000ecfe9868,0x00000000ed400000)
  to   space 6144K, 0% used [0x00000000ed400000,0x00000000ed400000,0x00000000eda00000)
 ParOldGen       total 39936K, used 13826K [0x00000000c0000000, 0x00000000c2700000, 0x00000000eab00000)
  object space 39936K, 34% used [0x00000000c0000000,0x00000000c0d80a88,0x00000000c2700000)
 Metaspace       used 38296K, capacity 39638K, committed 39976K, reserved 1083392K
  class space    used 5066K, capacity 5353K, committed 5416K, reserved 1048576K
Event: 33.312 GC heap after
Heap after GC invocations=20 (full 2):
 PSYoungGen      total 41984K, used 1998K [0x00000000eab00000, 0x00000000edd80000, 0x0000000100000000)
  eden space 35840K, 0% used [0x00000000eab00000,0x00000000eab00000,0x00000000ece00000)
  from space 6144K, 32% used [0x00000000ed400000,0x00000000ed5f3b58,0x00000000eda00000)
  to   space 6144K, 0% used [0x00000000ece00000,0x00000000ece00000,0x00000000ed400000)
 ParOldGen       total 39936K, used 14818K [0x00000000c0000000, 0x00000000c2700000, 0x00000000eab00000)
  object space 39936K, 37% used [0x00000000c0000000,0x00000000c0e78b78,0x00000000c2700000)
 Metaspace       used 38296K, capacity 39638K, committed 39976K, reserved 1083392K
  class space    used 5066K, capacity 5353K, committed 5416K, reserved 1048576K
}

Deoptimization events (10 events):
Event: 30.984 Thread 0x00000000022ee800 Uncommon trap: reason=unstable_if action=reinterpret pc=0x0000000002e5e3c4 method=java.io.WinNTFileSystem.resolve(Ljava/lang/String;Ljava/lang/String;)Ljava/lang/String; @ 19
Event: 33.046 Thread 0x00000000022ee800 Uncommon trap: reason=class_check action=maybe_recompile pc=0x00000000031aeec4 method=java.util.AbstractList$Itr.hasNext()Z @ 8
Event: 33.046 Thread 0x00000000022ee800 Uncommon trap: reason=class_check action=maybe_recompile pc=0x0000000002b36b34 method=java.util.AbstractList$Itr.next()Ljava/lang/Object; @ 14
Event: 33.048 Thread 0x00000000022ee800 Uncommon trap: reason=class_check action=maybe_recompile pc=0x00000000031aeec4 method=java.util.AbstractList$Itr.hasNext()Z @ 8
Event: 33.048 Thread 0x00000000022ee800 Uncommon trap: reason=class_check action=maybe_recompile pc=0x0000000002b36b34 method=java.util.AbstractList$Itr.next()Ljava/lang/Object; @ 14
Event: 33.048 Thread 0x00000000022ee800 Uncommon trap: reason=class_check action=maybe_recompile pc=0x00000000031aeec4 method=java.util.AbstractList$Itr.hasNext()Z @ 8
Event: 33.048 Thread 0x00000000022ee800 Uncommon trap: reason=class_check action=maybe_recompile pc=0x0000000002b36b34 method=java.util.AbstractList$Itr.next()Ljava/lang/Object; @ 14
Event: 33.048 Thread 0x00000000022ee800 Uncommon trap: reason=class_check action=maybe_recompile pc=0x00000000031aeec4 method=java.util.AbstractList$Itr.hasNext()Z @ 8
Event: 33.048 Thread 0x00000000022ee800 Uncommon trap: reason=class_check action=maybe_recompile pc=0x0000000002b36b34 method=java.util.AbstractList$Itr.next()Ljava/lang/Object; @ 14
Event: 33.345 Thread 0x00000000022ee800 Uncommon trap: reason=unstable_if action=reinterpret pc=0x0000000002e28174 method=java.lang.ClassLoader.getClassLoadingLock(Ljava/lang/String;)Ljava/lang/Object; @ 6

Classes redefined (0 events):
No events

Internal exceptions (10 events):
Event: 30.795 Thread 0x00000000022ee800 Exception <a 'java/lang/ClassNotFoundException': org/springframework/beans/factory/BeanClassLoaderAwareCustomizer> (0x00000000eb30cdd8) thrown at [C:\jenkins\workspace\8-2-build-windows-amd64-cygwin\jdk8u251\737\hotspot\src\share\vm\classfile\systemDictio
Event: 30.795 Thread 0x00000000022ee800 Exception <a 'java/lang/ClassNotFoundException': org/springframework/beans/factory/AwareCustomizer> (0x00000000eb32d5e8) thrown at [C:\jenkins\workspace\8-2-build-windows-amd64-cygwin\jdk8u251\737\hotspot\src\share\vm\classfile\systemDictionary.cpp, line 
Event: 30.796 Thread 0x00000000022ee800 Exception <a 'java/lang/ClassNotFoundException': org/springframework/beans/factory/BeanFactoryAwareCustomizer> (0x00000000eb3517a0) thrown at [C:\jenkins\workspace\8-2-build-windows-amd64-cygwin\jdk8u251\737\hotspot\src\share\vm\classfile\systemDictionary
Event: 30.796 Thread 0x00000000022ee800 Exception <a 'java/lang/ClassNotFoundException': org/springframework/beans/factory/AwareCustomizer> (0x00000000eb372510) thrown at [C:\jenkins\workspace\8-2-build-windows-amd64-cygwin\jdk8u251\737\hotspot\src\share\vm\classfile\systemDictionary.cpp, line 
Event: 30.797 Thread 0x00000000022ee800 Exception <a 'java/lang/ClassNotFoundException': org/springframework/beans/factory/BeanNameAwareCustomizer> (0x00000000eb394d70) thrown at [C:\jenkins\workspace\8-2-build-windows-amd64-cygwin\jdk8u251\737\hotspot\src\share\vm\classfile\systemDictionary.cp
Event: 30.797 Thread 0x00000000022ee800 Exception <a 'java/lang/ClassNotFoundException': org/springframework/beans/factory/AwareCustomizer> (0x00000000eb3b54b0) thrown at [C:\jenkins\workspace\8-2-build-windows-amd64-cygwin\jdk8u251\737\hotspot\src\share\vm\classfile\systemDictionary.cpp, line 
Event: 30.798 Thread 0x00000000022ee800 Exception <a 'java/lang/ClassNotFoundException': org/springframework/beans/factory/InitializingBeanCustomizer> (0x00000000eb3d9688) thrown at [C:\jenkins\workspace\8-2-build-windows-amd64-cygwin\jdk8u251\737\hotspot\src\share\vm\classfile\systemDictionary
Event: 30.798 Thread 0x00000000022ee800 Exception <a 'java/lang/ClassNotFoundException': org/springframework/beans/factory/DisposableBeanCustomizer> (0x00000000eb3fc870) thrown at [C:\jenkins\workspace\8-2-build-windows-amd64-cygwin\jdk8u251\737\hotspot\src\share\vm\classfile\systemDictionary.c
Event: 30.799 Thread 0x00000000022ee800 Exception <a 'java/lang/ClassNotFoundException': org/springframework/orm/jpa/EntityManagerFactoryInfoCustomizer> (0x00000000eb421fd0) thrown at [C:\jenkins\workspace\8-2-build-windows-amd64-cygwin\jdk8u251\737\hotspot\src\share\vm\classfile\systemDictiona
Event: 30.800 Thread 0x00000000022ee800 Exception <a 'java/lang/ClassNotFoundException': org/springframework/dao/support/PersistenceExceptionTranslatorCustomizer> (0x00000000eb457f38) thrown at [C:\jenkins\workspace\8-2-build-windows-amd64-cygwin\jdk8u251\737\hotspot\src\share\vm\classfile\syst

Events (10 events):
Event: 33.791 loading class javassist/bytecode/DuplicateMemberException done
Event: 33.836 loading class javassist/CannotCompileException
Event: 33.836 loading class javassist/CannotCompileException done
Event: 33.837 loading class javassist/bytecode/BadBytecode
Event: 33.837 loading class javassist/bytecode/BadBytecode done
Event: 33.851 loading class java/util/zip/DeflaterInputStream
Event: 33.851 loading class java/util/zip/DeflaterInputStream done
Event: 33.851 loading class java/lang/Module
Event: 33.851 loading class java/lang/Module done
Event: 33.855 Thread 0x000000005525f800 flushing nmethod 0x0000000002c31610


Dynamic libraries:
0x000000013f6c0000 - 0x000000013f6f7000 	C:\Program Files\Java\jdk1.8.0_251\jre\bin\java.exe
0x0000000077320000 - 0x00000000774bf000 	C:\Windows\SYSTEM32\ntdll.dll
0x0000000077200000 - 0x000000007731f000 	C:\Windows\system32\kernel32.dll
0x000007fefd4a0000 - 0x000007fefd507000 	C:\Windows\system32\KERNELBASE.dll
0x000007fefeb50000 - 0x000007fefec2b000 	C:\Windows\system32\ADVAPI32.dll
0x000007feff4a0000 - 0x000007feff53f000 	C:\Windows\system32\msvcrt.dll
0x000007fefef30000 - 0x000007fefef4f000 	C:\Windows\SYSTEM32\sechost.dll
0x000007fefedd0000 - 0x000007fefeefc000 	C:\Windows\system32\RPCRT4.dll
0x0000000077100000 - 0x00000000771fb000 	C:\Windows\system32\USER32.dll
0x000007fefe880000 - 0x000007fefe8e7000 	C:\Windows\system32\GDI32.dll
0x000007fefe870000 - 0x000007fefe87e000 	C:\Windows\system32\LPK.dll
0x000007feff3d0000 - 0x000007feff49b000 	C:\Windows\system32\USP10.dll
0x000007fefbdd0000 - 0x000007fefbfc5000 	C:\Windows\WinSxS\amd64_microsoft.windows.common-controls_6595b64144ccf1df_6.0.7601.24483_none_e372d88f30fbb845\COMCTL32.dll
0x000007fefe380000 - 0x000007fefe3f1000 	C:\Windows\system32\SHLWAPI.dll
0x000007fefef00000 - 0x000007fefef2e000 	C:\Windows\system32\IMM32.DLL
0x000007feff260000 - 0x000007feff36b000 	C:\Windows\system32\MSCTF.dll
0x000000005ea90000 - 0x000000005eb62000 	C:\Program Files\Java\jdk1.8.0_251\jre\bin\msvcr100.dll
0x000000005d8a0000 - 0x000000005e14b000 	C:\Program Files\Java\jdk1.8.0_251\jre\bin\server\jvm.dll
0x000007fef8db0000 - 0x000007fef8db9000 	C:\Windows\system32\WSOCK32.dll
0x000007fefecd0000 - 0x000007fefed1d000 	C:\Windows\system32\WS2_32.dll
0x000007fefedc0000 - 0x000007fefedc8000 	C:\Windows\system32\NSI.dll
0x000007fefb030000 - 0x000007fefb06b000 	C:\Windows\system32\WINMM.dll
0x000007fefc2e0000 - 0x000007fefc2ec000 	C:\Windows\system32\VERSION.dll
0x00000000774c0000 - 0x00000000774c7000 	C:\Windows\system32\PSAPI.DLL
0x000007fed7b30000 - 0x000007fed7b3f000 	C:\Program Files\Java\jdk1.8.0_251\jre\bin\verify.dll
0x000007fed76b0000 - 0x000007fed76d9000 	C:\Program Files\Java\jdk1.8.0_251\jre\bin\java.dll
0x000007fed7a10000 - 0x000007fed7a26000 	C:\Program Files\Java\jdk1.8.0_251\jre\bin\zip.dll
0x000007fefd5f0000 - 0x000007fefe37b000 	C:\Windows\system32\SHELL32.dll
0x000007fefe670000 - 0x000007fefe86f000 	C:\Windows\system32\ole32.dll
0x000007fefd1e0000 - 0x000007fefd1ef000 	C:\Windows\system32\profapi.dll
0x000007fef7120000 - 0x000007fef712d000 	C:\Program Files\Java\jdk1.8.0_251\jre\bin\management.dll
0x000007fefd0b0000 - 0x000007fefd107000 	C:\Windows\system32\apphelp.dll
0x000007fed76e0000 - 0x000007fed76fa000 	C:\Program Files\Java\jdk1.8.0_251\jre\bin\net.dll
0x000007fefc9f0000 - 0x000007fefca45000 	C:\Windows\system32\mswsock.dll
0x000007fefc9e0000 - 0x000007fefc9e7000 	C:\Windows\System32\wship6.dll
0x000007fefad30000 - 0x000007fefad45000 	C:\Windows\system32\NLAapi.dll
0x000007fef7510000 - 0x000007fef7525000 	C:\Windows\system32\napinsp.dll
0x000007fef74f0000 - 0x000007fef7509000 	C:\Windows\system32\pnrpnsp.dll
0x000007fefc870000 - 0x000007fefc8cb000 	C:\Windows\system32\DNSAPI.dll
0x000007fef74e0000 - 0x000007fef74eb000 	C:\Windows\System32\winrnr.dll
0x000007fefc400000 - 0x000007fefc407000 	C:\Windows\System32\wshtcpip.dll
0x000007fefaac0000 - 0x000007fefaae7000 	C:\Windows\system32\IPHLPAPI.DLL
0x000007fefaab0000 - 0x000007fefaabb000 	C:\Windows\system32\WINNSI.DLL
0x000007fef8ce0000 - 0x000007fef8ce8000 	C:\Windows\system32\rasadhlp.dll
0x000007fefa8f0000 - 0x000007fefa943000 	C:\Windows\System32\fwpuclnt.dll
0x000007fed7690000 - 0x000007fed76a2000 	C:\Program Files\Java\jdk1.8.0_251\jre\bin\nio.dll
0x000007fefca50000 - 0x000007fefca68000 	C:\Windows\system32\CRYPTSP.dll
0x000007fefc730000 - 0x000007fefc777000 	C:\Windows\system32\rsaenh.dll
0x000007fefc820000 - 0x000007fefc83f000 	C:\Windows\system32\USERENV.dll
0x000007fefd110000 - 0x000007fefd11f000 	C:\Windows\system32\CRYPTBASE.dll
0x000007fefa850000 - 0x000007fefa861000 	C:\Windows\system32\dhcpcsvc6.DLL
0x000007fefa7d0000 - 0x000007fefa7e8000 	C:\Windows\system32\dhcpcsvc.DLL

VM Arguments:
java_command: C:\Users\7272~1\AppData\Local\Temp\surefire7454820866161539136\surefirebooter3621475767113679886.jar C:\Users\Админ\AppData\Local\Temp\surefire7454820866161539136 2021-07-30T21-26-25_040-jvmRun1 surefire5290082525441812733tmp surefire_02291086676111641201tmp
java_class_path (initial): C:\Users\7272~1\AppData\Local\Temp\surefire7454820866161539136\surefirebooter3621475767113679886.jar
Launcher Type: SUN_STANDARD

Environment Variables:
JAVA_HOME=C:\Program Files\Java\jdk1.8.0_251
PATH=C:\Program Files (x86)\Common Files\Oracle\Java\javapath;C:\Windows\system32;C:\Windows;C:\Windows\System32\Wbem;C:\Windows\System32\WindowsPowerShell\v1.0\;C:\Program Files (x86)\AMD\ATI.ACE\Core-Static;C:\Program Files\Java\jdk1.8.0_251\bin;C:\apache-maven-3.6.3\bin;C:\Program Files\PostgreSQL\10\bin
USERNAME=Админ
OS=Windows_NT
PROCESSOR_IDENTIFIER=AMD64 Family 16 Model 4 Stepping 3, AuthenticAMD



---------------  S Y S T E M  ---------------

OS: Windows 7 , 64 bit Build 7601 (6.1.7601.24545)

CPU:total 4 (initial active 4) (4 cores per cpu, 1 threads per core) family 16 model 4 stepping 3, cmov, cx8, fxsr, mmx, sse, sse2, sse3, popcnt, mmxext, 3dnowpref, lzcnt, sse4a, tsc, tscinvbit, tscinv

Memory: 4k page, physical 4191452k(95556k free), swap 11731256k(5100k free)

vm_info: Java HotSpot(TM) 64-Bit Server VM (25.251-b08) for windows-amd64 JRE (1.8.0_251-b08), built on Mar 12 2020 06:31:49 by "" with MS VC++ 10.0 (VS2010)

time: Fri Jul 30 21:27:02 2021
timezone: RTZ 2 (зима)
elapsed time: 33 seconds (0d 0h 0m 33s)

